<?xml version="1.0" encoding="UTF-8"?>
<!-- Generated by org.testng.reporters.JUnitReportReporter -->
<testsuite hostname="EPINHYDW1351" name="com.basic.ohrm.LoginOhrm" tests="1" failures="0" timestamp="30 Aug 2017 11:36:59 GMT" time="1.923" errors="0">
  <testcase name="login" time="1.923" classname="com.basic.ohrm.LoginOhrm"/>
</testsuite> <!-- com.basic.ohrm.LoginOhrm -->
